[debug] [2025-07-31T21:21:31.429Z] ----------------------------------------------------------------------
[debug] [2025-07-31T21:21:31.431Z] Command:       C:\Program Files\nodejs\node.exe C:\Users\j_alf\AppData\Roaming\npm\node_modules\firebase-tools\lib\bin\firebase.js init functions
[debug] [2025-07-31T21:21:31.431Z] CLI Version:   14.11.0
[debug] [2025-07-31T21:21:31.431Z] Platform:      win32
[debug] [2025-07-31T21:21:31.431Z] Node Version:  v21.6.1
[debug] [2025-07-31T21:21:31.431Z] Time:          Thu Jul 31 2025 17:21:31 GMT-0400 (hora de Venezuela)
[debug] [2025-07-31T21:21:31.431Z] ----------------------------------------------------------------------
[debug] 
[debug] [2025-07-31T21:21:31.433Z] >>> [apiv2][query] GET https://firebase-public.firebaseio.com/cli.json [none]
[debug] [2025-07-31T21:21:31.460Z] > command requires scopes: ["email","openid","https://www.googleapis.com/auth/cloudplatformprojects.readonly","https://www.googleapis.com/auth/firebase","https://www.googleapis.com/auth/cloud-platform"]
[debug] [2025-07-31T21:21:31.460Z] > authorizing via signed-in user (jars4u2@gmail.com)
[info] 
     ######## #### ########  ######## ########     ###     ######  ########
     ##        ##  ##     ## ##       ##     ##  ##   ##  ##       ##
     ######    ##  ########  ######   ########  #########  ######  ######
     ##        ##  ##    ##  ##       ##     ## ##     ##       ## ##
     ##       #### ##     ## ######## ########  ##     ##  ######  ########

You're about to initialize a Firebase project in this directory:

  C:\Users\j_alf\Documents\kaNGaRoo_Projects\inscripciones-congreso

[debug] [2025-07-31T21:21:31.750Z] <<< [apiv2][status] GET https://firebase-public.firebaseio.com/cli.json 200
[debug] [2025-07-31T21:21:31.750Z] <<< [apiv2][body] GET https://firebase-public.firebaseio.com/cli.json {"cloudBuildErrorAfter":1594252800000,"cloudBuildWarnAfter":1590019200000,"defaultNode10After":1594252800000,"minVersion":"3.0.5","node8DeploysDisabledAfter":1613390400000,"node8RuntimeDisabledAfter":1615809600000,"node8WarnAfter":1600128000000}
[info] 
=== Project Setup
[info] 
[info] First, let's associate this project directory with a Firebase project.
[info] You can create multiple project aliases by running firebase use --add, 
[info] but for now we'll just set up a default project.
[info] 
[debug] [2025-07-31T21:24:47.965Z] Checked if tokens are valid: false, expires at: 1753115845714
[debug] [2025-07-31T21:24:47.966Z] Checked if tokens are valid: false, expires at: 1753115845714
[debug] [2025-07-31T21:24:47.966Z] > refreshing access token with scopes: []
[debug] [2025-07-31T21:24:47.966Z] >>> [apiv2][query] POST https://www.googleapis.com/oauth2/v3/token [none]
[debug] [2025-07-31T21:24:47.966Z] >>> [apiv2][body] POST https://www.googleapis.com/oauth2/v3/token [omitted]
[debug] [2025-07-31T21:24:48.162Z] <<< [apiv2][status] POST https://www.googleapis.com/oauth2/v3/token 200
[debug] [2025-07-31T21:24:48.162Z] <<< [apiv2][body] POST https://www.googleapis.com/oauth2/v3/token [omitted]
[debug] [2025-07-31T21:24:48.168Z] >>> [apiv2][query] GET https://firebase.googleapis.com/v1beta1/availableProjects pageSize=100
[debug] [2025-07-31T21:24:48.757Z] <<< [apiv2][status] GET https://firebase.googleapis.com/v1beta1/availableProjects 200
[debug] [2025-07-31T21:24:48.758Z] <<< [apiv2][body] GET https://firebase.googleapis.com/v1beta1/availableProjects [omitted]
